<?xml version="1.0" encoding="UTF-8"?>
<!-- Generated by org.testng.reporters.JUnitXMLReporter -->
<testsuite hostname="LAPTOP-L0R95SDA" ignored="0" name="Default test" tests="3" failures="0" timestamp="18 Nov 2018 10:39:48 GMT" time="38.816" errors="0">
  <testcase name="getTitel" time="0.025" classname="com.rg.test.TestLogin"/>
  <testcase name="testLogin" time="6.814" classname="com.rg.test.TestLogin"/>
  <testcase name="checkHomePageTitel" time="6.097" classname="com.rg.test.TestLogin"/>
</testsuite> <!-- Default test -->
