<?xml version="1.0" encoding="UTF-8"?>
<!-- Generated by org.testng.reporters.JUnitXMLReporter -->
<testsuite hostname="LAPTOP-L0R95SDA" ignored="0" name="Test" tests="3" failures="1" timestamp="19 Nov 2018 17:54:34 GMT" time="33.179" errors="0">
  <testcase name="getTitel" time="0.103" classname="com.rg.test.TestLogin"/>
  <testcase name="testLogin" time="0.581" classname="com.rg.test.TestLogin"/>
  <testcase name="checkHomePageTitel" time="0.805" classname="com.rg.test.TestLogin">
    <failure type="java.lang.AssertionError" message="expected [CRMPRO] but found [#1 Free CRM software in the cloud for sales and service]">
      <![CDATA[java.lang.AssertionError: expected [CRMPRO] but found [#1 Free CRM software in the cloud for sales and service]
at com.rg.test.TestLogin.checkHomePageTitel(TestLogin.java:43)
... Removed 31 stack frames]]>
    </failure>
  </testcase> <!-- checkHomePageTitel -->
</testsuite> <!-- Test -->
