<?xml version="1.0" encoding="UTF-8"?>
<!-- Generated by org.testng.reporters.JUnitXMLReporter -->
<testsuite hostname="LAPTOP-L0R95SDA" ignored="0" name="Test" tests="3" failures="0" timestamp="20 Nov 2018 18:26:28 GMT" time="37.6" errors="0">
  <testcase name="getTitel" time="0.084" classname="com.rg.test.TestLogin"/>
  <testcase name="testLogin" time="4.59" classname="com.rg.test.TestLogin"/>
  <testcase name="checkHomePageTitel" time="4.64" classname="com.rg.test.TestLogin"/>
</testsuite> <!-- Test -->
