<?xml version="1.0" encoding="UTF-8"?>
<testng-results skipped="0" failed="0" ignored="0" total="3" passed="3">
  <reporter-output>
  </reporter-output>
  <suite name="Suite" duration-ms="37600" started-at="2018-11-20T18:25:50Z" finished-at="2018-11-20T18:26:28Z">
    <groups>
    </groups>
    <test name="Test" duration-ms="37600" started-at="2018-11-20T18:25:50Z" finished-at="2018-11-20T18:26:28Z">
      <class name="com.rg.test.TestLogin">
        <test-method status="PASS" signature="setting()[pri:0, instance:com.rg.test.TestLogin@4d3167f4]" name="setting" is-config="true" duration-ms="8953" started-at="2018-11-20T18:25:50Z" finished-at="2018-11-20T18:25:59Z">
          <reporter-output>
          </reporter-output>
        </test-method> <!-- setting -->
        <test-method status="PASS" signature="getTitel()[pri:1, instance:com.rg.test.TestLogin@4d3167f4]" name="getTitel" duration-ms="84" started-at="2018-11-20T18:25:59Z" finished-at="2018-11-20T18:25:59Z">
          <reporter-output>
          </reporter-output>
        </test-method> <!-- getTitel -->
        <test-method status="PASS" signature="clear()[pri:0, instance:com.rg.test.TestLogin@4d3167f4]" name="clear" is-config="true" duration-ms="897" started-at="2018-11-20T18:25:59Z" finished-at="2018-11-20T18:26:00Z">
          <reporter-output>
          </reporter-output>
        </test-method> <!-- clear -->
        <test-method status="PASS" signature="setting()[pri:0, instance:com.rg.test.TestLogin@4d3167f4]" name="setting" is-config="true" duration-ms="8716" started-at="2018-11-20T18:26:00Z" finished-at="2018-11-20T18:26:09Z">
          <reporter-output>
          </reporter-output>
        </test-method> <!-- setting -->
        <test-method status="PASS" signature="testLogin()[pri:2, instance:com.rg.test.TestLogin@4d3167f4]" name="testLogin" duration-ms="4590" started-at="2018-11-20T18:26:09Z" finished-at="2018-11-20T18:26:14Z">
          <reporter-output>
          </reporter-output>
        </test-method> <!-- testLogin -->
        <test-method status="PASS" signature="clear()[pri:0, instance:com.rg.test.TestLogin@4d3167f4]" name="clear" is-config="true" duration-ms="878" started-at="2018-11-20T18:26:14Z" finished-at="2018-11-20T18:26:15Z">
          <reporter-output>
          </reporter-output>
        </test-method> <!-- clear -->
        <test-method status="PASS" signature="setting()[pri:0, instance:com.rg.test.TestLogin@4d3167f4]" name="setting" is-config="true" duration-ms="7956" started-at="2018-11-20T18:26:15Z" finished-at="2018-11-20T18:26:23Z">
          <reporter-output>
          </reporter-output>
        </test-method> <!-- setting -->
        <test-method status="PASS" signature="checkHomePageTitel()[pri:3, instance:com.rg.test.TestLogin@4d3167f4]" name="checkHomePageTitel" duration-ms="4640" started-at="2018-11-20T18:26:23Z" finished-at="2018-11-20T18:26:27Z">
          <reporter-output>
          </reporter-output>
        </test-method> <!-- checkHomePageTitel -->
        <test-method status="PASS" signature="clear()[pri:0, instance:com.rg.test.TestLogin@4d3167f4]" name="clear" is-config="true" duration-ms="849" started-at="2018-11-20T18:26:27Z" finished-at="2018-11-20T18:26:28Z">
          <reporter-output>
          </reporter-output>
        </test-method> <!-- clear -->
      </class> <!-- com.rg.test.TestLogin -->
    </test> <!-- Test -->
  </suite> <!-- Suite -->
</testng-results>
