<?xml version="1.0" encoding="UTF-8"?>
<testng-results skipped="0" failed="0" ignored="0" total="1" passed="1">
  <reporter-output>
  </reporter-output>
  <suite name="Default suite" duration-ms="19839" started-at="2018-11-26T19:04:18Z" finished-at="2018-11-26T19:04:38Z">
    <groups>
    </groups>
    <test name="Default test" duration-ms="19839" started-at="2018-11-26T19:04:18Z" finished-at="2018-11-26T19:04:38Z">
      <class name="com.rg.test.CalenderTest">
        <test-method status="PASS" signature="beforeMethod()[pri:0, instance:com.rg.test.CalenderTest@4d3167f4]" name="beforeMethod" is-config="true" duration-ms="16595" started-at="2018-11-26T19:04:18Z" finished-at="2018-11-26T19:04:35Z">
          <reporter-output>
          </reporter-output>
        </test-method> <!-- beforeMethod -->
        <test-method status="PASS" signature="calender()[pri:0, instance:com.rg.test.CalenderTest@4d3167f4]" name="calender" duration-ms="3221" started-at="2018-11-26T19:04:35Z" finished-at="2018-11-26T19:04:38Z">
          <reporter-output>
          </reporter-output>
        </test-method> <!-- calender -->
        <test-method status="PASS" signature="afterMethod()[pri:0, instance:com.rg.test.CalenderTest@4d3167f4]" name="afterMethod" is-config="true" duration-ms="0" started-at="2018-11-26T19:04:38Z" finished-at="2018-11-26T19:04:38Z">
          <reporter-output>
          </reporter-output>
        </test-method> <!-- afterMethod -->
      </class> <!-- com.rg.test.CalenderTest -->
    </test> <!-- Default test -->
  </suite> <!-- Default suite -->
</testng-results>
