<?xml version="1.0" encoding="UTF-8"?>
<!-- Generated by org.testng.reporters.JUnitXMLReporter -->
<testsuite hostname="LAPTOP-L0R95SDA" ignored="0" name="testngTest" tests="4" failures="0" timestamp="18 Nov 2018 19:25:41 GMT" time="52.531" errors="0">
  <testcase name="getTitel" time="0.029" classname="com.rg.test.TestLogin"/>
  <testcase name="getTitel" time="0.009" classname="com.rg.test.TestHomepage"/>
  <testcase name="testLogin" time="5.901" classname="com.rg.test.TestLogin"/>
  <testcase name="checkHomePageTitel" time="6.689" classname="com.rg.test.TestLogin"/>
</testsuite> <!-- testngTest -->
